<?xml version="1.0" encoding="UTF-8"?>
<testsuite xmlns:xsi="http://www.w3.org/2001/XMLSchema-instance" xsi:noNamespaceSchemaLocation="https://maven.apache.org/surefire/maven-surefire-plugin/xsd/surefire-test-report.xsd" name="TestSuite" time="34.849" tests="1" errors="0" skipped="0" failures="1">
  <properties>
[...]
</properties>
  <testcase name="baseNavigation" classname="SeleniumRDA.mainClass" time="34.099">
    <failure message="no such element: Unable to locate element: {&quot;method&quot;:&quot;xpath&quot;,&quot;selector&quot;:&quot;.//*[@id=&apos;finalDispForm:sigNmTxt&apos;]&quot;}&#10;  (Session info: chrome=62.0.3202.94)&#10;  (Driver info: chromedriver=2.33.506120 (e3e53437346286c0bc2d2dc9aa4915ba81d9023f),platform=Windows NT 10.0.16299 x86_64) (WARNING: The server did not provide any stacktrace information)&#10;Command duration or timeout: 0 milliseconds&#10;For documentation on this error, please visit: http://seleniumhq.org/exceptions/no_such_element.html&#10;Build info: version: &apos;3.7.1&apos;, revision: &apos;8a0099a&apos;, time: &apos;2017-11-06T21:01:39.354Z&apos;&#10;System info: host: &apos;LAPTOP-EFUV92DE&apos;, ip: &apos;172.18.200.241&apos;, os.name: &apos;Windows 10&apos;, os.arch: &apos;amd64&apos;, os.version: &apos;10.0&apos;, java.version: &apos;9.0.1&apos;&#10;Driver info: org.openqa.selenium.chrome.ChromeDriver&#10;Capabilities {acceptSslCerts: true, applicationCacheEnabled: false, browserConnectionEnabled: false, browserName: chrome, chrome: {chromedriverVersion: 2.33.506120 (e3e53437346286..., userDataDir: C:\Users\madhu\AppData\Loca...}, cssSelectorsEnabled: true, databaseEnabled: false, handlesAlerts: true, hasTouchScreen: false, javascriptEnabled: true, locationContextEnabled: true, mobileEmulationEnabled: false, nativeEvents: true, networkConnectionEnabled: false, pageLoadStrategy: normal, platform: XP, platformName: XP, rotatable: false, setWindowRect: true, takesHeapSnapshot: true, takesScreenshot: true, unexpectedAlertBehaviour: , unhandledPromptBehavior: , version: 62.0.3202.94, webStorageEnabled: true}&#10;Session ID: 5499a5fc52f8e4e547ec2927a97ed369&#10;*** Element info: {Using=xpath, value=.//*[@id=&apos;finalDispForm:sigNmTxt&apos;]}" type="org.openqa.selenium.NoSuchElementException">org.openqa.selenium.NoSuchElementException: 
no such element: Unable to locate element: {"method":"xpath","selector":".//*[@id='finalDispForm:sigNmTxt']"}
  (Session info: chrome=62.0.3202.94)
  (Driver info: chromedriver=2.33.506120 (e3e53437346286c0bc2d2dc9aa4915ba81d9023f),platform=Windows NT 10.0.16299 x86_64) (WARNING: The server did not provide any stacktrace information)
Command duration or timeout: 0 milliseconds
For documentation on this error, please visit: http://seleniumhq.org/exceptions/no_such_element.html
Build info: version: '3.7.1', revision: '8a0099a', time: '2017-11-06T21:01:39.354Z'
System info: host: 'LAPTOP-EFUV92DE', ip: '172.18.200.241', os.name: 'Windows 10', os.arch: 'amd64', os.version: '10.0', java.version: '9.0.1'
Driver info: org.openqa.selenium.chrome.ChromeDriver
Capabilities {acceptSslCerts: true, applicationCacheEnabled: false, browserConnectionEnabled: false, browserName: chrome, chrome: {chromedriverVersion: 2.33.506120 (e3e53437346286..., userDataDir: C:\Users\madhu\AppData\Loca...}, cssSelectorsEnabled: true, databaseEnabled: false, handlesAlerts: true, hasTouchScreen: false, javascriptEnabled: true, locationContextEnabled: true, mobileEmulationEnabled: false, nativeEvents: true, networkConnectionEnabled: false, pageLoadStrategy: normal, platform: XP, platformName: XP, rotatable: false, setWindowRect: true, takesHeapSnapshot: true, takesScreenshot: true, unexpectedAlertBehaviour: , unhandledPromptBehavior: , version: 62.0.3202.94, webStorageEnabled: true}
Session ID: 5499a5fc52f8e4e547ec2927a97ed369
*** Element info: {Using=xpath, value=.//*[@id='finalDispForm:sigNmTxt']}
	at SeleniumRDA.mainClass.baseNavigation(mainClass.java:72)
</failure>
    <system-out><![CDATA[ INFO [main] (mainClass.java:34)- --- In the main Class ---
 INFO [main] (mainClass.java:38)- --- Calling login Page ---
 INFO [main] (mainClass.java:42)- --- Calling the dbconnection class ---
 INFO [main] (DBselect.java:33)- The connection is created
 INFO [main] (DBselect.java:36)- The statement is created
 INFO [main] (mainClass.java:46)- returned from db connection class
 INFO [main] (mainClass.java:56)- The job_id is ^^^^^^^^^^^^^^^^^^^CL1801
 INFO [main] (mainClass.java:57)- The device is ^^^^^^^^^^^^^^^^^^WEBS
 INFO [main] (mainClass.java:58)- The test_id is ^^^^^^^^^^^^^^^^^10238
 INFO [main] (mainClass.java:59)- The tracking number is ^^^^^^^^^^^^^^^^^^^^^^^^^^^435235483850
 INFO [main] (mainClass.java:61)- --- Calling landing Page ---
 INFO [main] (mainClass.java:65)- --- Calling TransactionInfo Page ---
 INFO [main] (transactionInfo.java:53)- element is displayed
 INFO [main] (transactionInfo.java:65)- The shipper name is -----URVASHI GHONGE
 INFO [main] (transactionInfo.java:66)- The shipper account is -----605446329
 INFO [main] (transactionInfo.java:67)- The shipper Company is -----IN_GST
 INFO [main] (transactionInfo.java:68)- The shipper Address Line 1 is -----37 CALLE MUNOZ RIVERA
 INFO [main] (transactionInfo.java:69)- The shipper Address Line 2 is -----
 INFO [main] (transactionInfo.java:70)- The shipper City is -----MEMPHIS
 INFO [main] (transactionInfo.java:71)- The shipper State is -----TN
 INFO [main] (transactionInfo.java:72)- The shipper Zip is -----37013
 INFO [main] (transactionInfo.java:73)- The shipper Country is -----US
 INFO [main] (DBinsert.java:36)- Connection created
 INFO [main] (DBinsert.java:39)- Statement created
 INFO [main] (DBinsert.java:74)- Insert executed !!!!!!
 INFO [main] (DBinsert.java:80)- In finally method
 INFO [main] (mainClass.java:70)- --- Calling Final Display ---
 INFO [main] (childWindow.java:22)- The parent window is CDwindow-d8b58570-c4ce-4385-9273-b395445df35b
 INFO [main] (childWindow.java:25)- The size of window handles are  1
 INFO [main] (finalDisplay.java:61)- Element is visible and Getting child info-------
]]></system-out>
    <system-err><![CDATA[Starting ChromeDriver 2.33.506120 (e3e53437346286c0bc2d2dc9aa4915ba81d9023f) on port 37849
Only local connections are allowed.
Nov 26, 2017 5:59:42 PM org.openqa.selenium.remote.ProtocolHandshake createSession
INFO: Detected dialect: OSS
]]></system-err>
  </testcase>
</testsuite>