<?xml version="1.0" encoding="UTF-8"?>
<!-- Generated by org.testng.reporters.JUnitXMLReporter -->
<testsuite hostname="LAPTOP-EFUV92DE" failures="1" tests="1" name="Test" time="0.031" errors="0" timestamp="23 Nov 2017 16:51:42 GMT">
  <testcase classname="SeleniumRDA.mainClass" name="baseNavigation" time="0.0">
    <failure type="java.lang.NoClassDefFoundError" message="org/openqa/selenium/remote/RemoteWebDriver">
      <![CDATA[java.lang.NoClassDefFoundError: org/openqa/selenium/remote/RemoteWebDriver
	at java.base/java.lang.ClassLoader.defineClass1(Native Method)
	at java.base/java.lang.ClassLoader.defineClass(Unknown Source)
	at java.base/java.security.SecureClassLoader.defineClass(Unknown Source)
	at java.base/jdk.internal.loader.BuiltinClassLoader.defineClass(Unknown Source)
	at java.base/jdk.internal.loader.BuiltinClassLoader.findClassOnClassPathOrNull(Unknown Source)
	at java.base/jdk.internal.loader.BuiltinClassLoader.loadClassOrNull(Unknown Source)
	at java.base/jdk.internal.loader.BuiltinClassLoader.loadClass(Unknown Source)
	at java.base/jdk.internal.loader.ClassLoaders$AppClassLoader.loadClass(Unknown Source)
	at java.base/java.lang.ClassLoader.loadClass(Unknown Source)
	at SeleniumRDA.base.initializeDriver(base.java:35)
	at SeleniumRDA.mainClass.baseNavigation(mainClass.java:10)
Caused by: java.lang.ClassNotFoundException: org.openqa.selenium.remote.RemoteWebDriver
	at java.base/jdk.internal.loader.BuiltinClassLoader.loadClass(Unknown Source)
	at java.base/jdk.internal.loader.ClassLoaders$AppClassLoader.loadClass(Unknown Source)
	at java.base/java.lang.ClassLoader.loadClass(Unknown Source)
	... 35 more
... Removed 24 stack frames]]>
    </failure>
  </testcase> <!-- baseNavigation -->
</testsuite> <!-- Test -->
